2018-10-24 13:49:00,130 [Worker-0: Import Getting Started Content] INFO  o.e.m.c.i.l.LifecycleMappingFactory - Using org.eclipse.m2e.jdt.JarLifecycleMapping lifecycle mapping for MavenProject: com.lbenitez:primerProyectoREST:0.0.1-SNAPSHOT @ C:\Users\lbenitez\Desktop\2 DAM\AD\LUCIA\Ejercicios introduccion RESt\primerProyectoREST\pom.xml.
2018-10-24 13:49:06,112 [Worker-0: Import Getting Started Content] INFO  o.e.m.j.i.AbstractJavaProjectConfigurator - Adding source folder /primerProyectoREST/src/main/java
2018-10-24 13:49:06,113 [Worker-0: Import Getting Started Content] INFO  o.e.m.j.i.AbstractJavaProjectConfigurator - Adding resource folder /primerProyectoREST/src/main/resources
2018-10-24 13:49:06,120 [Worker-0: Import Getting Started Content] INFO  o.e.m.j.i.AbstractJavaProjectConfigurator - Adding resource folder /primerProyectoREST/src/main/resources
2018-10-24 13:49:06,131 [Worker-0: Import Getting Started Content] INFO  o.e.m.j.i.AbstractJavaProjectConfigurator - Adding source folder /primerProyectoREST/src/test/java
2018-10-24 13:49:08,195 [Worker-0: Import Getting Started Content] INFO  o.e.m.c.i.p.ProjectConfigurationManager - Imported and configured 1 project(s) in 12 sec
2018-10-24 13:49:08,198 [Worker-0: Import Getting Started Content] INFO  o.e.m.c.i.p.ProjectConfigurationManager - Update started
2018-10-24 13:49:08,772 [Worker-0: Import Getting Started Content] INFO  o.e.m.c.i.l.LifecycleMappingFactory - Using org.eclipse.m2e.jdt.JarLifecycleMapping lifecycle mapping for MavenProject: com.lbenitez:primerProyectoREST:0.0.1-SNAPSHOT @ C:\Users\lbenitez\Desktop\2 DAM\AD\LUCIA\Ejercicios introduccion RESt\primerProyectoREST\pom.xml.
2018-10-24 13:49:09,449 [Worker-0: Import Getting Started Content] INFO  o.e.m.j.i.AbstractJavaProjectConfigurator - Adding source folder /primerProyectoREST/src/main/java
2018-10-24 13:49:09,449 [Worker-0: Import Getting Started Content] INFO  o.e.m.j.i.AbstractJavaProjectConfigurator - Adding resource folder /primerProyectoREST/src/main/resources
2018-10-24 13:49:09,455 [Worker-0: Import Getting Started Content] INFO  o.e.m.j.i.AbstractJavaProjectConfigurator - Adding resource folder /primerProyectoREST/src/main/resources
2018-10-24 13:49:09,468 [Worker-0: Import Getting Started Content] INFO  o.e.m.j.i.AbstractJavaProjectConfigurator - Adding source folder /primerProyectoREST/src/test/java
2018-10-24 13:49:10,102 [Worker-0: Import Getting Started Content] INFO  o.e.m.c.i.p.ProjectConfigurationManager - Update completed: 1 sec
2018-10-24 13:49:18,867 [Worker-13: Building workspace] INFO  o.e.m.c.i.embedder.EclipseLogger - Using 'UTF-8' encoding to copy filtered resources.
2018-10-24 13:49:18,882 [Worker-13: Building workspace] INFO  o.e.m.c.i.embedder.EclipseLogger - Copying 1 resource
2018-10-24 13:49:18,893 [Worker-13: Building workspace] INFO  o.e.m.c.i.embedder.EclipseLogger - Copying 0 resource
2018-10-24 13:49:18,896 [Worker-13: Building workspace] INFO  o.e.m.c.i.embedder.EclipseLogger - Using 'UTF-8' encoding to copy filtered resources.
2018-10-24 13:49:18,896 [Worker-13: Building workspace] INFO  o.e.m.c.i.embedder.EclipseLogger - skip non existing resourceDirectory C:\Users\lbenitez\Desktop\2 DAM\AD\LUCIA\Ejercicios introduccion RESt\primerProyectoREST\src\test\resources
2018-10-24 13:51:10,054 [Worker-2: Building workspace] INFO  o.e.m.c.i.embedder.EclipseLogger - Using 'UTF-8' encoding to copy filtered resources.
2018-10-24 13:51:10,057 [Worker-2: Building workspace] INFO  o.e.m.c.i.embedder.EclipseLogger - Copying 1 resource
2018-10-24 13:51:10,059 [Worker-2: Building workspace] INFO  o.e.m.c.i.embedder.EclipseLogger - Copying 0 resource
2018-10-24 13:51:10,061 [Worker-2: Building workspace] INFO  o.e.m.c.i.embedder.EclipseLogger - Using 'UTF-8' encoding to copy filtered resources.
2018-10-24 13:51:10,061 [Worker-2: Building workspace] INFO  o.e.m.c.i.embedder.EclipseLogger - skip non existing resourceDirectory C:\Users\lbenitez\Desktop\2 DAM\AD\LUCIA\Ejercicios introduccion RESt\primerProyectoREST\src\test\resources
2018-10-24 13:51:31,231 [Worker-9: Building workspace] INFO  o.e.m.c.i.embedder.EclipseLogger - Using 'UTF-8' encoding to copy filtered resources.
2018-10-24 13:51:31,234 [Worker-9: Building workspace] INFO  o.e.m.c.i.embedder.EclipseLogger - Copying 1 resource
2018-10-24 13:51:31,237 [Worker-9: Building workspace] INFO  o.e.m.c.i.embedder.EclipseLogger - Copying 0 resource
2018-10-24 13:51:31,240 [Worker-9: Building workspace] INFO  o.e.m.c.i.embedder.EclipseLogger - Using 'UTF-8' encoding to copy filtered resources.
2018-10-24 13:51:31,240 [Worker-9: Building workspace] INFO  o.e.m.c.i.embedder.EclipseLogger - skip non existing resourceDirectory C:\Users\lbenitez\Desktop\2 DAM\AD\LUCIA\Ejercicios introduccion RESt\primerProyectoREST\src\test\resources
2018-10-24 13:52:55,409 [Worker-15: Building workspace] INFO  o.e.m.c.i.embedder.EclipseLogger - Using 'UTF-8' encoding to copy filtered resources.
2018-10-24 13:52:55,410 [Worker-15: Building workspace] INFO  o.e.m.c.i.embedder.EclipseLogger - Copying 1 resource
2018-10-24 13:52:55,412 [Worker-15: Building workspace] INFO  o.e.m.c.i.embedder.EclipseLogger - Copying 0 resource
2018-10-24 13:52:55,414 [Worker-15: Building workspace] INFO  o.e.m.c.i.embedder.EclipseLogger - Using 'UTF-8' encoding to copy filtered resources.
2018-10-24 13:52:55,415 [Worker-15: Building workspace] INFO  o.e.m.c.i.embedder.EclipseLogger - skip non existing resourceDirectory C:\Users\lbenitez\Desktop\2 DAM\AD\LUCIA\Ejercicios introduccion RESt\primerProyectoREST\src\test\resources
2018-10-24 13:53:15,028 [Worker-14: Building workspace] INFO  o.e.m.c.i.embedder.EclipseLogger - Using 'UTF-8' encoding to copy filtered resources.
2018-10-24 13:53:15,029 [Worker-14: Building workspace] INFO  o.e.m.c.i.embedder.EclipseLogger - Copying 1 resource
2018-10-24 13:53:15,031 [Worker-14: Building workspace] INFO  o.e.m.c.i.embedder.EclipseLogger - Copying 0 resource
2018-10-24 13:53:15,033 [Worker-14: Building workspace] INFO  o.e.m.c.i.embedder.EclipseLogger - Using 'UTF-8' encoding to copy filtered resources.
2018-10-24 13:53:15,033 [Worker-14: Building workspace] INFO  o.e.m.c.i.embedder.EclipseLogger - skip non existing resourceDirectory C:\Users\lbenitez\Desktop\2 DAM\AD\LUCIA\Ejercicios introduccion RESt\primerProyectoREST\src\test\resources
2018-10-24 13:53:56,604 [Worker-7: Building workspace] INFO  o.e.m.c.i.embedder.EclipseLogger - Using 'UTF-8' encoding to copy filtered resources.
2018-10-24 13:53:56,606 [Worker-7: Building workspace] INFO  o.e.m.c.i.embedder.EclipseLogger - Copying 1 resource
2018-10-24 13:53:56,608 [Worker-7: Building workspace] INFO  o.e.m.c.i.embedder.EclipseLogger - Copying 0 resource
2018-10-24 13:53:56,610 [Worker-7: Building workspace] INFO  o.e.m.c.i.embedder.EclipseLogger - Using 'UTF-8' encoding to copy filtered resources.
2018-10-24 13:53:56,611 [Worker-7: Building workspace] INFO  o.e.m.c.i.embedder.EclipseLogger - skip non existing resourceDirectory C:\Users\lbenitez\Desktop\2 DAM\AD\LUCIA\Ejercicios introduccion RESt\primerProyectoREST\src\test\resources
2018-10-24 13:55:36,597 [Worker-14: Launching primerProyectoREST - PrimerProyectoRestApplication] INFO  o.e.m.c.i.embedder.EclipseLogger - Using 'UTF-8' encoding to copy filtered resources.
2018-10-24 13:55:36,599 [Worker-14: Launching primerProyectoREST - PrimerProyectoRestApplication] INFO  o.e.m.c.i.embedder.EclipseLogger - Copying 1 resource
2018-10-24 13:55:36,601 [Worker-14: Launching primerProyectoREST - PrimerProyectoRestApplication] INFO  o.e.m.c.i.embedder.EclipseLogger - Copying 0 resource
2018-10-24 13:55:36,602 [Worker-14: Launching primerProyectoREST - PrimerProyectoRestApplication] INFO  o.e.m.c.i.embedder.EclipseLogger - Using 'UTF-8' encoding to copy filtered resources.
2018-10-24 13:55:36,603 [Worker-14: Launching primerProyectoREST - PrimerProyectoRestApplication] INFO  o.e.m.c.i.embedder.EclipseLogger - skip non existing resourceDirectory C:\Users\lbenitez\Desktop\2 DAM\AD\LUCIA\Ejercicios introduccion RESt\primerProyectoREST\src\test\resources
2018-10-24 14:13:09,977 [Worker-19: Building workspace] INFO  o.e.m.c.i.embedder.EclipseLogger - Using 'UTF-8' encoding to copy filtered resources.
2018-10-24 14:13:09,979 [Worker-19: Building workspace] INFO  o.e.m.c.i.embedder.EclipseLogger - Copying 1 resource
2018-10-24 14:13:09,980 [Worker-19: Building workspace] INFO  o.e.m.c.i.embedder.EclipseLogger - Copying 0 resource
2018-10-24 14:13:09,985 [Worker-19: Building workspace] INFO  o.e.m.c.i.embedder.EclipseLogger - Using 'UTF-8' encoding to copy filtered resources.
2018-10-24 14:13:09,985 [Worker-19: Building workspace] INFO  o.e.m.c.i.embedder.EclipseLogger - skip non existing resourceDirectory C:\Users\lbenitez\Desktop\2 DAM\AD\LUCIA\Ejercicios introduccion RESt\primerProyectoREST\src\test\resources
2018-10-24 14:14:26,339 [Worker-24: Building workspace] INFO  o.e.m.c.i.embedder.EclipseLogger - Using 'UTF-8' encoding to copy filtered resources.
2018-10-24 14:14:26,340 [Worker-24: Building workspace] INFO  o.e.m.c.i.embedder.EclipseLogger - Copying 1 resource
2018-10-24 14:14:26,341 [Worker-24: Building workspace] INFO  o.e.m.c.i.embedder.EclipseLogger - Copying 0 resource
2018-10-24 14:14:26,343 [Worker-24: Building workspace] INFO  o.e.m.c.i.embedder.EclipseLogger - Using 'UTF-8' encoding to copy filtered resources.
2018-10-24 14:14:26,343 [Worker-24: Building workspace] INFO  o.e.m.c.i.embedder.EclipseLogger - skip non existing resourceDirectory C:\Users\lbenitez\Desktop\2 DAM\AD\LUCIA\Ejercicios introduccion RESt\primerProyectoREST\src\test\resources
2018-10-24 14:28:56,811 [Worker-28: Import Getting Started Content] INFO  o.e.m.c.i.l.LifecycleMappingFactory - Using org.eclipse.m2e.jdt.JarLifecycleMapping lifecycle mapping for MavenProject: com.lbenitez:MyJsonPlaceholder:0.0.1-SNAPSHOT @ C:\Users\lbenitez\Desktop\2 DAM\AD\LUCIA\Ejercicios introduccion RESt\MyJsonPlaceholder\pom.xml.
2018-10-24 14:28:57,493 [Worker-28: Import Getting Started Content] INFO  o.e.m.j.i.AbstractJavaProjectConfigurator - Adding source folder /MyJsonPlaceholder/src/main/java
2018-10-24 14:28:57,494 [Worker-28: Import Getting Started Content] INFO  o.e.m.j.i.AbstractJavaProjectConfigurator - Adding resource folder /MyJsonPlaceholder/src/main/resources
2018-10-24 14:28:57,500 [Worker-28: Import Getting Started Content] INFO  o.e.m.j.i.AbstractJavaProjectConfigurator - Adding resource folder /MyJsonPlaceholder/src/main/resources
2018-10-24 14:28:57,508 [Worker-28: Import Getting Started Content] INFO  o.e.m.j.i.AbstractJavaProjectConfigurator - Adding source folder /MyJsonPlaceholder/src/test/java
2018-10-24 14:28:57,819 [Worker-28: Import Getting Started Content] INFO  o.e.m.c.i.p.ProjectConfigurationManager - Imported and configured 1 project(s) in 1 sec
2018-10-24 14:28:57,821 [Worker-28: Import Getting Started Content] INFO  o.e.m.c.i.p.ProjectConfigurationManager - Update started
2018-10-24 14:28:58,030 [Worker-28: Import Getting Started Content] INFO  o.e.m.c.i.l.LifecycleMappingFactory - Using org.eclipse.m2e.jdt.JarLifecycleMapping lifecycle mapping for MavenProject: com.lbenitez:MyJsonPlaceholder:0.0.1-SNAPSHOT @ C:\Users\lbenitez\Desktop\2 DAM\AD\LUCIA\Ejercicios introduccion RESt\MyJsonPlaceholder\pom.xml.
2018-10-24 14:28:58,448 [Worker-28: Import Getting Started Content] INFO  o.e.m.j.i.AbstractJavaProjectConfigurator - Adding source folder /MyJsonPlaceholder/src/main/java
2018-10-24 14:28:58,448 [Worker-28: Import Getting Started Content] INFO  o.e.m.j.i.AbstractJavaProjectConfigurator - Adding resource folder /MyJsonPlaceholder/src/main/resources
2018-10-24 14:28:58,449 [Worker-28: Import Getting Started Content] INFO  o.e.m.j.i.AbstractJavaProjectConfigurator - Adding resource folder /MyJsonPlaceholder/src/main/resources
2018-10-24 14:28:58,453 [Worker-28: Import Getting Started Content] INFO  o.e.m.j.i.AbstractJavaProjectConfigurator - Adding source folder /MyJsonPlaceholder/src/test/java
2018-10-24 14:28:58,661 [Worker-28: Import Getting Started Content] INFO  o.e.m.c.i.p.ProjectConfigurationManager - Update completed: 0 sec
2018-10-24 14:29:00,011 [Worker-19: Building workspace] INFO  o.e.m.c.i.embedder.EclipseLogger - Using 'UTF-8' encoding to copy filtered resources.
2018-10-24 14:29:00,012 [Worker-19: Building workspace] INFO  o.e.m.c.i.embedder.EclipseLogger - Copying 1 resource
2018-10-24 14:29:00,013 [Worker-19: Building workspace] INFO  o.e.m.c.i.embedder.EclipseLogger - Copying 0 resource
2018-10-24 14:29:00,014 [Worker-19: Building workspace] INFO  o.e.m.c.i.embedder.EclipseLogger - Using 'UTF-8' encoding to copy filtered resources.
2018-10-24 14:29:00,014 [Worker-19: Building workspace] INFO  o.e.m.c.i.embedder.EclipseLogger - skip non existing resourceDirectory C:\Users\lbenitez\Desktop\2 DAM\AD\LUCIA\Ejercicios introduccion RESt\MyJsonPlaceholder\src\test\resources
2018-10-24 14:29:01,216 [Worker-19: Building workspace] INFO  o.e.m.c.i.embedder.EclipseLogger - Using 'UTF-8' encoding to copy filtered resources.
2018-10-24 14:29:01,216 [Worker-19: Building workspace] INFO  o.e.m.c.i.embedder.EclipseLogger - Copying 0 resource
2018-10-24 14:29:01,216 [Worker-19: Building workspace] INFO  o.e.m.c.i.embedder.EclipseLogger - Copying 0 resource
2018-10-24 14:29:01,218 [Worker-19: Building workspace] INFO  o.e.m.c.i.embedder.EclipseLogger - Using 'UTF-8' encoding to copy filtered resources.
2018-10-24 14:29:01,219 [Worker-19: Building workspace] INFO  o.e.m.c.i.embedder.EclipseLogger - skip non existing resourceDirectory C:\Users\lbenitez\Desktop\2 DAM\AD\LUCIA\Ejercicios introduccion RESt\MyJsonPlaceholder\src\test\resources
2018-10-24 14:29:59,316 [Worker-27: Building workspace] INFO  o.e.m.c.i.embedder.EclipseLogger - Using 'UTF-8' encoding to copy filtered resources.
2018-10-24 14:29:59,318 [Worker-27: Building workspace] INFO  o.e.m.c.i.embedder.EclipseLogger - Copying 1 resource
2018-10-24 14:29:59,319 [Worker-27: Building workspace] INFO  o.e.m.c.i.embedder.EclipseLogger - Copying 0 resource
2018-10-24 14:29:59,322 [Worker-27: Building workspace] INFO  o.e.m.c.i.embedder.EclipseLogger - Using 'UTF-8' encoding to copy filtered resources.
2018-10-24 14:29:59,322 [Worker-27: Building workspace] INFO  o.e.m.c.i.embedder.EclipseLogger - skip non existing resourceDirectory C:\Users\lbenitez\Desktop\2 DAM\AD\LUCIA\Ejercicios introduccion RESt\MyJsonPlaceholder\src\test\resources
2018-10-24 14:30:30,166 [Worker-28: Building workspace] INFO  o.e.m.c.i.embedder.EclipseLogger - Using 'UTF-8' encoding to copy filtered resources.
2018-10-24 14:30:30,167 [Worker-28: Building workspace] INFO  o.e.m.c.i.embedder.EclipseLogger - Copying 1 resource
2018-10-24 14:30:30,169 [Worker-28: Building workspace] INFO  o.e.m.c.i.embedder.EclipseLogger - Copying 0 resource
2018-10-24 14:30:30,171 [Worker-28: Building workspace] INFO  o.e.m.c.i.embedder.EclipseLogger - Using 'UTF-8' encoding to copy filtered resources.
2018-10-24 14:30:30,171 [Worker-28: Building workspace] INFO  o.e.m.c.i.embedder.EclipseLogger - skip non existing resourceDirectory C:\Users\lbenitez\Desktop\2 DAM\AD\LUCIA\Ejercicios introduccion RESt\MyJsonPlaceholder\src\test\resources
2018-10-24 14:33:20,453 [Worker-27: Building workspace] INFO  o.e.m.c.i.embedder.EclipseLogger - Using 'UTF-8' encoding to copy filtered resources.
2018-10-24 14:33:20,461 [Worker-27: Building workspace] INFO  o.e.m.c.i.embedder.EclipseLogger - Copying 1 resource
2018-10-24 14:33:20,463 [Worker-27: Building workspace] INFO  o.e.m.c.i.embedder.EclipseLogger - Copying 0 resource
2018-10-24 14:33:20,466 [Worker-27: Building workspace] INFO  o.e.m.c.i.embedder.EclipseLogger - Using 'UTF-8' encoding to copy filtered resources.
2018-10-24 14:33:20,466 [Worker-27: Building workspace] INFO  o.e.m.c.i.embedder.EclipseLogger - skip non existing resourceDirectory C:\Users\lbenitez\Desktop\2 DAM\AD\LUCIA\Ejercicios introduccion RESt\MyJsonPlaceholder\src\test\resources
2018-10-24 14:33:20,614 [Worker-27: Building workspace] INFO  o.e.m.c.i.embedder.EclipseLogger - Using 'UTF-8' encoding to copy filtered resources.
2018-10-24 14:33:20,615 [Worker-27: Building workspace] INFO  o.e.m.c.i.embedder.EclipseLogger - Copying 1 resource
2018-10-24 14:33:20,617 [Worker-27: Building workspace] INFO  o.e.m.c.i.embedder.EclipseLogger - Copying 0 resource
2018-10-24 14:33:20,619 [Worker-27: Building workspace] INFO  o.e.m.c.i.embedder.EclipseLogger - Using 'UTF-8' encoding to copy filtered resources.
2018-10-24 14:33:20,619 [Worker-27: Building workspace] INFO  o.e.m.c.i.embedder.EclipseLogger - skip non existing resourceDirectory C:\Users\lbenitez\Desktop\2 DAM\AD\LUCIA\Ejercicios introduccion RESt\primerProyectoREST\src\test\resources
